<?xml version="1.0" encoding="UTF-8"?>
<!-- Generated by org.testng.reporters.JUnitReportReporter -->
<testsuite hostname="Venkatesh-pc" name="pageobjecttestcases.LandingPageValidationsTest" tests="1" failures="0" timestamp="26 Jan 2015 13:44:43 GMT" time="46.913" errors="0">
  <testcase name="Landingpagenavigation" time="46.913" classname="pageobjecttestcases.LandingPageValidationsTest"/>
</testsuite>
