<?xml version="1.0" encoding="UTF-8"?>
<!-- Generated by org.testng.reporters.JUnitReportReporter -->
<testsuite hostname="Venkatesh-pc" name="pageobjecttestcases.LandingPageNavigations" tests="1" failures="0" timestamp="25 Jan 2015 16:01:58 GMT" time="0.717" errors="0">
  <testcase name="Landingpagenavigation" time="0.717" classname="pageobjecttestcases.LandingPageNavigations"/>
</testsuite> <!-- pageobjecttestcases.LandingPageNavigations -->
