<?xml version="1.0" encoding="UTF-8"?>
<!-- Generated by org.testng.reporters.JUnitReportReporter -->
<testsuite hostname="Venkatesh-pc" name="pageobjecttestcases.LandingPageValidationsTest" tests="1" failures="0" timestamp="26 Jan 2015 13:38:10 GMT" time="113.799" errors="0">
  <testcase name="Landingpagenavigation" time="113.799" classname="pageobjecttestcases.LandingPageValidationsTest"/>
</testsuite> <!-- pageobjecttestcases.LandingPageValidationsTest -->
