<?xml version="1.0" encoding="UTF-8"?>
<!-- Generated by org.testng.reporters.JUnitReportReporter -->
<testsuite hostname="Venkatesh-pc" name="pageobjecttestcases.LandingpageNavigationsTest" tests="1" failures="0" timestamp="26 Jan 2015 13:38:10 GMT" time="136.562" errors="0">
  <testcase name="Landingpagevalidaton" time="136.562" classname="pageobjecttestcases.LandingpageNavigationsTest"/>
</testsuite> <!-- pageobjecttestcases.LandingpageNavigationsTest -->
