<?xml version="1.0" encoding="UTF-8"?>
<!-- Generated by org.testng.reporters.JUnitReportReporter -->
<testsuite hostname="Venkatesh-pc" name="pageobjecttestcases.SampleTest" tests="1" failures="0" timestamp="25 Jan 2015 15:28:37 GMT" time="34.342" errors="0">
  <testcase name="LoginApp" time="34.342" classname="pageobjecttestcases.SampleTest"/>
</testsuite> <!-- pageobjecttestcases.SampleTest -->
