<?xml version="1.0" encoding="UTF-8"?>
<!-- Generated by org.testng.reporters.JUnitReportReporter -->
<testsuite hostname="Venkatesh-pc" name="pageobjecttestcases.Landingpagevalidations" tests="1" failures="0" timestamp="25 Jan 2015 16:01:58 GMT" time="118.527" errors="0">
  <testcase name="Landingpagevalidaton" time="118.527" classname="pageobjecttestcases.Landingpagevalidations"/>
</testsuite> <!-- pageobjecttestcases.Landingpagevalidations -->
